<?xml version='1.0' encoding='UTF-8'?>
<testsuite hostname="av-mbp-732.local" name="Test1" tests="2" errors="0" failures="0" skipped="0" time="0.21" timestamp="2020-08-25T10:05:36">
                     <properties>
[...]
</properties>
                     <testcase classname="Test1" name="Task1 should return greeting the name supplied" time="0.208">
                                                 
                                               </testcase><testcase classname="Test1" name="Task1 should return ok status" time="0.002">
                                                 
                                               </testcase>
                     <system-out><![CDATA[]]></system-out>
                     <system-err><![CDATA[]]></system-err>
                   </testsuite>